--- adb starting (pid 8481) ---
adb I  8481  8481 main.cpp:78] Android Debug Bridge version 1.0.36
adb I  8481  8481 main.cpp:78] Revision af05c7354fe1-android
adb I  8481  8481 main.cpp:78] 
--- adb starting (pid 4446) ---
adb I  4446  4446 main.cpp:78] Android Debug Bridge version 1.0.36
adb I  4446  4446 main.cpp:78] Revision af05c7354fe1-android
adb I  4446  4446 main.cpp:78] 
--- adb starting (pid 13382) ---
adb I 13382 13382 main.cpp:78] Android Debug Bridge version 1.0.36
adb I 13382 13382 main.cpp:78] Revision af05c7354fe1-android
adb I 13382 13382 main.cpp:78] 
--- adb starting (pid 4475) ---
adb I  4475  4475 main.cpp:78] Android Debug Bridge version 1.0.36
adb I  4475  4475 main.cpp:78] Revision af05c7354fe1-android
adb I  4475  4475 main.cpp:78] 
--- adb starting (pid 5248) ---
adb I  5248  5248 main.cpp:78] Android Debug Bridge version 1.0.36
adb I  5248  5248 main.cpp:78] Revision af05c7354fe1-android
adb I  5248  5248 main.cpp:78] 
--- adb starting (pid 7960) ---
adb I  7960  7960 main.cpp:78] Android Debug Bridge version 1.0.36
adb I  7960  7960 main.cpp:78] Revision af05c7354fe1-android
adb I  7960  7960 main.cpp:78] 
--- adb starting (pid 7411) ---
adb I  7411  7411 main.cpp:78] Android Debug Bridge version 1.0.36
adb I  7411  7411 main.cpp:78] Revision af05c7354fe1-android
adb I  7411  7411 main.cpp:78] 
--- adb starting (pid 4554) ---
adb I  4554  4554 main.cpp:78] Android Debug Bridge version 1.0.36
adb I  4554  4554 main.cpp:78] Revision af05c7354fe1-android
adb I  4554  4554 main.cpp:78] 
--- adb starting (pid 4203) ---
adb I  4203  4203 main.cpp:78] Android Debug Bridge version 1.0.36
adb I  4203  4203 main.cpp:78] Revision af05c7354fe1-android
adb I  4203  4203 main.cpp:78] 
--- adb starting (pid 4654) ---
adb I  4654  4654 main.cpp:78] Android Debug Bridge version 1.0.36
adb I  4654  4654 main.cpp:78] Revision af05c7354fe1-android
adb I  4654  4654 main.cpp:78] 
--- adb starting (pid 6307) ---
adb I  6307  6307 main.cpp:78] Android Debug Bridge version 1.0.36
adb I  6307  6307 main.cpp:78] Revision af05c7354fe1-android
adb I  6307  6307 main.cpp:78] 
--- adb starting (pid 4834) ---
adb I  4834  4834 main.cpp:78] Android Debug Bridge version 1.0.36
adb I  4834  4834 main.cpp:78] Revision af05c7354fe1-android
adb I  4834  4834 main.cpp:78] 
